2025-08-07T22:26:23.572-04:00  INFO 124874 --- [Apli-Servi] [main] c.E.ApliServi.ApliServiApplication       : Starting ApliServiApplication using Java 21.0.8 with PID 124874 (/home/freddy/Documentos/ProyectoSombra1_final_taller/ProyectoSombra1/Apli-Servi/target/classes started by freddy in /home/freddy/Documentos/ProyectoSombra1_final_taller/ProyectoSombra1)
2025-08-07T22:26:23.578-04:00  INFO 124874 --- [Apli-Servi] [main] c.E.ApliServi.ApliServiApplication       : No active profile set, falling back to 1 default profile: "default"
2025-08-07T22:26:24.352-04:00  INFO 124874 --- [Apli-Servi] [main] .s.d.r.c.RepositoryConfigurationDelegate : Bootstrapping Spring Data JPA repositories in DEFAULT mode.
2025-08-07T22:26:24.422-04:00  INFO 124874 --- [Apli-Servi] [main] .s.d.r.c.RepositoryConfigurationDelegate : Finished Spring Data repository scanning in 65 ms. Found 17 JPA repository interfaces.
2025-08-07T22:26:24.962-04:00  INFO 124874 --- [Apli-Servi] [main] o.s.b.w.embedded.tomcat.TomcatWebServer  : Tomcat initialized with port 8040 (http)
2025-08-07T22:26:24.971-04:00  INFO 124874 --- [Apli-Servi] [main] o.apache.catalina.core.StandardService   : Starting service [Tomcat]
2025-08-07T22:26:24.971-04:00  INFO 124874 --- [Apli-Servi] [main] o.apache.catalina.core.StandardEngine    : Starting Servlet engine: [Apache Tomcat/10.1.20]
2025-08-07T22:26:25.006-04:00  INFO 124874 --- [Apli-Servi] [main] o.a.c.c.C.[Tomcat].[localhost].[/]       : Initializing Spring embedded WebApplicationContext
2025-08-07T22:26:25.006-04:00  INFO 124874 --- [Apli-Servi] [main] w.s.c.ServletWebServerApplicationContext : Root WebApplicationContext: initialization completed in 1389 ms
2025-08-07T22:26:25.159-04:00 DEBUG 124874 --- [Apli-Servi] [main] o.s.w.f.ServerHttpObservationFilter      : Filter 'webMvcObservationFilter' configured for use
2025-08-07T22:26:25.160-04:00 DEBUG 124874 --- [Apli-Servi] [main] o.springframework.web.filter.CorsFilter  : Filter 'corsFilter' configured for use
2025-08-07T22:26:25.263-04:00  INFO 124874 --- [Apli-Servi] [main] o.hibernate.jpa.internal.util.LogHelper  : HHH000204: Processing PersistenceUnitInfo [name: default]
2025-08-07T22:26:25.295-04:00  INFO 124874 --- [Apli-Servi] [main] org.hibernate.Version                    : HHH000412: Hibernate ORM core version 6.4.4.Final
2025-08-07T22:26:25.312-04:00  INFO 124874 --- [Apli-Servi] [main] o.h.c.internal.RegionFactoryInitiator    : HHH000026: Second-level cache disabled
2025-08-07T22:26:25.427-04:00  INFO 124874 --- [Apli-Servi] [main] o.s.o.j.p.SpringPersistenceUnitInfo      : No LoadTimeWeaver setup: ignoring JPA class transformer
2025-08-07T22:26:25.443-04:00  INFO 124874 --- [Apli-Servi] [main] com.zaxxer.hikari.HikariDataSource       : HikariPool-1 - Starting...
2025-08-07T22:26:26.464-04:00 ERROR 124874 --- [Apli-Servi] [main] com.zaxxer.hikari.pool.HikariPool        : HikariPool-1 - Exception during pool initialization.

org.postgresql.util.PSQLException: El intento de conexión falló.
	at org.postgresql.core.v3.ConnectionFactoryImpl.openConnectionImpl(ConnectionFactoryImpl.java:354) ~[postgresql-42.6.2.jar:42.6.2]
	at org.postgresql.core.ConnectionFactory.openConnection(ConnectionFactory.java:54) ~[postgresql-42.6.2.jar:42.6.2]
	at org.postgresql.jdbc.PgConnection.<init>(PgConnection.java:263) ~[postgresql-42.6.2.jar:42.6.2]
	at org.postgresql.Driver.makeConnection(Driver.java:443) ~[postgresql-42.6.2.jar:42.6.2]
	at org.postgresql.Driver.connect(Driver.java:297) ~[postgresql-42.6.2.jar:42.6.2]
	at com.zaxxer.hikari.util.DriverDataSource.getConnection(DriverDataSource.java:138) ~[HikariCP-5.0.1.jar:na]
	at com.zaxxer.hikari.pool.PoolBase.newConnection(PoolBase.java:359) ~[HikariCP-5.0.1.jar:na]
	at com.zaxxer.hikari.pool.PoolBase.newPoolEntry(PoolBase.java:201) ~[HikariCP-5.0.1.jar:na]
	at com.zaxxer.hikari.pool.HikariPool.createPoolEntry(HikariPool.java:470) ~[HikariCP-5.0.1.jar:na]
	at com.zaxxer.hikari.pool.HikariPool.checkFailFast(HikariPool.java:561) ~[HikariCP-5.0.1.jar:na]
	at com.zaxxer.hikari.pool.HikariPool.<init>(HikariPool.java:100) ~[HikariCP-5.0.1.jar:na]
	at com.zaxxer.hikari.HikariDataSource.getConnection(HikariDataSource.java:112) ~[HikariCP-5.0.1.jar:na]
	at org.hibernate.engine.jdbc.connections.internal.DatasourceConnectionProviderImpl.getConnection(DatasourceConnectionProviderImpl.java:122) ~[hibernate-core-6.4.4.Final.jar:6.4.4.Final]
	at org.hibernate.engine.jdbc.env.internal.JdbcEnvironmentInitiator$ConnectionProviderJdbcConnectionAccess.obtainConnection(JdbcEnvironmentInitiator.java:428) ~[hibernate-core-6.4.4.Final.jar:6.4.4.Final]
	at org.hibernate.resource.transaction.backend.jdbc.internal.JdbcIsolationDelegate.delegateWork(JdbcIsolationDelegate.java:61) ~[hibernate-core-6.4.4.Final.jar:6.4.4.Final]
	at org.hibernate.engine.jdbc.env.internal.JdbcEnvironmentInitiator.getJdbcEnvironmentUsingJdbcMetadata(JdbcEnvironmentInitiator.java:276) ~[hibernate-core-6.4.4.Final.jar:6.4.4.Final]
	at org.hibernate.engine.jdbc.env.internal.JdbcEnvironmentInitiator.initiateService(JdbcEnvironmentInitiator.java:107) ~[hibernate-core-6.4.4.Final.jar:6.4.4.Final]
	at org.hibernate.engine.jdbc.env.internal.JdbcEnvironmentInitiator.initiateService(JdbcEnvironmentInitiator.java:68) ~[hibernate-core-6.4.4.Final.jar:6.4.4.Final]
	at org.hibernate.boot.registry.internal.StandardServiceRegistryImpl.initiateService(StandardServiceRegistryImpl.java:130) ~[hibernate-core-6.4.4.Final.jar:6.4.4.Final]
	at org.hibernate.service.internal.AbstractServiceRegistryImpl.createService(AbstractServiceRegistryImpl.java:263) ~[hibernate-core-6.4.4.Final.jar:6.4.4.Final]
	at org.hibernate.service.internal.AbstractServiceRegistryImpl.initializeService(AbstractServiceRegistryImpl.java:238) ~[hibernate-core-6.4.4.Final.jar:6.4.4.Final]
	at org.hibernate.service.internal.AbstractServiceRegistryImpl.getService(AbstractServiceRegistryImpl.java:215) ~[hibernate-core-6.4.4.Final.jar:6.4.4.Final]
	at org.hibernate.boot.model.relational.Database.<init>(Database.java:45) ~[hibernate-core-6.4.4.Final.jar:6.4.4.Final]
	at org.hibernate.boot.internal.InFlightMetadataCollectorImpl.getDatabase(InFlightMetadataCollectorImpl.java:223) ~[hibernate-core-6.4.4.Final.jar:6.4.4.Final]
	at org.hibernate.boot.internal.InFlightMetadataCollectorImpl.<init>(InFlightMetadataCollectorImpl.java:191) ~[hibernate-core-6.4.4.Final.jar:6.4.4.Final]
	at org.hibernate.boot.model.process.spi.MetadataBuildingProcess.complete(MetadataBuildingProcess.java:170) ~[hibernate-core-6.4.4.Final.jar:6.4.4.Final]
	at org.hibernate.jpa.boot.internal.EntityManagerFactoryBuilderImpl.metadata(EntityManagerFactoryBuilderImpl.java:1432) ~[hibernate-core-6.4.4.Final.jar:6.4.4.Final]
	at org.hibernate.jpa.boot.internal.EntityManagerFactoryBuilderImpl.build(EntityManagerFactoryBuilderImpl.java:1503) ~[hibernate-core-6.4.4.Final.jar:6.4.4.Final]
	at org.springframework.orm.jpa.vendor.SpringHibernateJpaPersistenceProvider.createContainerEntityManagerFactory(SpringHibernateJpaPersistenceProvider.java:75) ~[spring-orm-6.1.6.jar:6.1.6]
	at org.springframework.orm.jpa.LocalContainerEntityManagerFactoryBean.createNativeEntityManagerFactory(LocalContainerEntityManagerFactoryBean.java:390) ~[spring-orm-6.1.6.jar:6.1.6]
	at org.springframework.orm.jpa.AbstractEntityManagerFactoryBean.buildNativeEntityManagerFactory(AbstractEntityManagerFactoryBean.java:409) ~[spring-orm-6.1.6.jar:6.1.6]
	at org.springframework.orm.jpa.AbstractEntityManagerFactoryBean.afterPropertiesSet(AbstractEntityManagerFactoryBean.java:396) ~[spring-orm-6.1.6.jar:6.1.6]
	at org.springframework.orm.jpa.LocalContainerEntityManagerFactoryBean.afterPropertiesSet(LocalContainerEntityManagerFactoryBean.java:366) ~[spring-orm-6.1.6.jar:6.1.6]
	at org.springframework.beans.factory.support.AbstractAutowireCapableBeanFactory.invokeInitMethods(AbstractAutowireCapableBeanFactory.java:1833) ~[spring-beans-6.1.6.jar:6.1.6]
	at org.springframework.beans.factory.support.AbstractAutowireCapableBeanFactory.initializeBean(AbstractAutowireCapableBeanFactory.java:1782) ~[spring-beans-6.1.6.jar:6.1.6]
	at org.springframework.beans.factory.support.AbstractAutowireCapableBeanFactory.doCreateBean(AbstractAutowireCapableBeanFactory.java:600) ~[spring-beans-6.1.6.jar:6.1.6]
	at org.springframework.beans.factory.support.AbstractAutowireCapableBeanFactory.createBean(AbstractAutowireCapableBeanFactory.java:522) ~[spring-beans-6.1.6.jar:6.1.6]
	at org.springframework.beans.factory.support.AbstractBeanFactory.lambda$doGetBean$0(AbstractBeanFactory.java:326) ~[spring-beans-6.1.6.jar:6.1.6]
	at org.springframework.beans.factory.support.DefaultSingletonBeanRegistry.getSingleton(DefaultSingletonBeanRegistry.java:234) ~[spring-beans-6.1.6.jar:6.1.6]
	at org.springframework.beans.factory.support.AbstractBeanFactory.doGetBean(AbstractBeanFactory.java:324) ~[spring-beans-6.1.6.jar:6.1.6]
	at org.springframework.beans.factory.support.AbstractBeanFactory.getBean(AbstractBeanFactory.java:200) ~[spring-beans-6.1.6.jar:6.1.6]
	at org.springframework.context.support.AbstractApplicationContext.getBean(AbstractApplicationContext.java:1234) ~[spring-context-6.1.6.jar:6.1.6]
	at org.springframework.context.support.AbstractApplicationContext.finishBeanFactoryInitialization(AbstractApplicationContext.java:952) ~[spring-context-6.1.6.jar:6.1.6]
	at org.springframework.context.support.AbstractApplicationContext.refresh(AbstractApplicationContext.java:624) ~[spring-context-6.1.6.jar:6.1.6]
	at org.springframework.boot.web.servlet.context.ServletWebServerApplicationContext.refresh(ServletWebServerApplicationContext.java:146) ~[spring-boot-3.2.5.jar:3.2.5]
	at org.springframework.boot.SpringApplication.refresh(SpringApplication.java:754) ~[spring-boot-3.2.5.jar:3.2.5]
	at org.springframework.boot.SpringApplication.refreshContext(SpringApplication.java:456) ~[spring-boot-3.2.5.jar:3.2.5]
	at org.springframework.boot.SpringApplication.run(SpringApplication.java:334) ~[spring-boot-3.2.5.jar:3.2.5]
	at org.springframework.boot.SpringApplication.run(SpringApplication.java:1354) ~[spring-boot-3.2.5.jar:3.2.5]
	at org.springframework.boot.SpringApplication.run(SpringApplication.java:1343) ~[spring-boot-3.2.5.jar:3.2.5]
	at com.Ecommerce.ApliServi.ApliServiApplication.main(ApliServiApplication.java:14) ~[classes/:na]
Caused by: java.net.UnknownHostException: postgres
	at java.base/sun.nio.ch.NioSocketImpl.connect(NioSocketImpl.java:567) ~[na:na]
	at java.base/java.net.SocksSocketImpl.connect(SocksSocketImpl.java:327) ~[na:na]
	at java.base/java.net.Socket.connect(Socket.java:751) ~[na:na]
	at org.postgresql.core.PGStream.createSocket(PGStream.java:243) ~[postgresql-42.6.2.jar:42.6.2]
	at org.postgresql.core.PGStream.<init>(PGStream.java:98) ~[postgresql-42.6.2.jar:42.6.2]
	at org.postgresql.core.v3.ConnectionFactoryImpl.tryConnect(ConnectionFactoryImpl.java:132) ~[postgresql-42.6.2.jar:42.6.2]
	at org.postgresql.core.v3.ConnectionFactoryImpl.openConnectionImpl(ConnectionFactoryImpl.java:258) ~[postgresql-42.6.2.jar:42.6.2]
	... 50 common frames omitted

2025-08-07T22:26:26.473-04:00  WARN 124874 --- [Apli-Servi] [main] o.h.e.j.e.i.JdbcEnvironmentInitiator     : HHH000342: Could not obtain connection to query metadata

java.lang.NullPointerException: Cannot invoke "org.hibernate.engine.jdbc.spi.SqlExceptionHelper.convert(java.sql.SQLException, String)" because the return value of "org.hibernate.resource.transaction.backend.jdbc.internal.JdbcIsolationDelegate.sqlExceptionHelper()" is null
	at org.hibernate.resource.transaction.backend.jdbc.internal.JdbcIsolationDelegate.delegateWork(JdbcIsolationDelegate.java:116) ~[hibernate-core-6.4.4.Final.jar:6.4.4.Final]
	at org.hibernate.engine.jdbc.env.internal.JdbcEnvironmentInitiator.getJdbcEnvironmentUsingJdbcMetadata(JdbcEnvironmentInitiator.java:276) ~[hibernate-core-6.4.4.Final.jar:6.4.4.Final]
	at org.hibernate.engine.jdbc.env.internal.JdbcEnvironmentInitiator.initiateService(JdbcEnvironmentInitiator.java:107) ~[hibernate-core-6.4.4.Final.jar:6.4.4.Final]
	at org.hibernate.engine.jdbc.env.internal.JdbcEnvironmentInitiator.initiateService(JdbcEnvironmentInitiator.java:68) ~[hibernate-core-6.4.4.Final.jar:6.4.4.Final]
	at org.hibernate.boot.registry.internal.StandardServiceRegistryImpl.initiateService(StandardServiceRegistryImpl.java:130) ~[hibernate-core-6.4.4.Final.jar:6.4.4.Final]
	at org.hibernate.service.internal.AbstractServiceRegistryImpl.createService(AbstractServiceRegistryImpl.java:263) ~[hibernate-core-6.4.4.Final.jar:6.4.4.Final]
	at org.hibernate.service.internal.AbstractServiceRegistryImpl.initializeService(AbstractServiceRegistryImpl.java:238) ~[hibernate-core-6.4.4.Final.jar:6.4.4.Final]
	at org.hibernate.service.internal.AbstractServiceRegistryImpl.getService(AbstractServiceRegistryImpl.java:215) ~[hibernate-core-6.4.4.Final.jar:6.4.4.Final]
	at org.hibernate.boot.model.relational.Database.<init>(Database.java:45) ~[hibernate-core-6.4.4.Final.jar:6.4.4.Final]
	at org.hibernate.boot.internal.InFlightMetadataCollectorImpl.getDatabase(InFlightMetadataCollectorImpl.java:223) ~[hibernate-core-6.4.4.Final.jar:6.4.4.Final]
	at org.hibernate.boot.internal.InFlightMetadataCollectorImpl.<init>(InFlightMetadataCollectorImpl.java:191) ~[hibernate-core-6.4.4.Final.jar:6.4.4.Final]
	at org.hibernate.boot.model.process.spi.MetadataBuildingProcess.complete(MetadataBuildingProcess.java:170) ~[hibernate-core-6.4.4.Final.jar:6.4.4.Final]
	at org.hibernate.jpa.boot.internal.EntityManagerFactoryBuilderImpl.metadata(EntityManagerFactoryBuilderImpl.java:1432) ~[hibernate-core-6.4.4.Final.jar:6.4.4.Final]
	at org.hibernate.jpa.boot.internal.EntityManagerFactoryBuilderImpl.build(EntityManagerFactoryBuilderImpl.java:1503) ~[hibernate-core-6.4.4.Final.jar:6.4.4.Final]
	at org.springframework.orm.jpa.vendor.SpringHibernateJpaPersistenceProvider.createContainerEntityManagerFactory(SpringHibernateJpaPersistenceProvider.java:75) ~[spring-orm-6.1.6.jar:6.1.6]
	at org.springframework.orm.jpa.LocalContainerEntityManagerFactoryBean.createNativeEntityManagerFactory(LocalContainerEntityManagerFactoryBean.java:390) ~[spring-orm-6.1.6.jar:6.1.6]
	at org.springframework.orm.jpa.AbstractEntityManagerFactoryBean.buildNativeEntityManagerFactory(AbstractEntityManagerFactoryBean.java:409) ~[spring-orm-6.1.6.jar:6.1.6]
	at org.springframework.orm.jpa.AbstractEntityManagerFactoryBean.afterPropertiesSet(AbstractEntityManagerFactoryBean.java:396) ~[spring-orm-6.1.6.jar:6.1.6]
	at org.springframework.orm.jpa.LocalContainerEntityManagerFactoryBean.afterPropertiesSet(LocalContainerEntityManagerFactoryBean.java:366) ~[spring-orm-6.1.6.jar:6.1.6]
	at org.springframework.beans.factory.support.AbstractAutowireCapableBeanFactory.invokeInitMethods(AbstractAutowireCapableBeanFactory.java:1833) ~[spring-beans-6.1.6.jar:6.1.6]
	at org.springframework.beans.factory.support.AbstractAutowireCapableBeanFactory.initializeBean(AbstractAutowireCapableBeanFactory.java:1782) ~[spring-beans-6.1.6.jar:6.1.6]
	at org.springframework.beans.factory.support.AbstractAutowireCapableBeanFactory.doCreateBean(AbstractAutowireCapableBeanFactory.java:600) ~[spring-beans-6.1.6.jar:6.1.6]
	at org.springframework.beans.factory.support.AbstractAutowireCapableBeanFactory.createBean(AbstractAutowireCapableBeanFactory.java:522) ~[spring-beans-6.1.6.jar:6.1.6]
	at org.springframework.beans.factory.support.AbstractBeanFactory.lambda$doGetBean$0(AbstractBeanFactory.java:326) ~[spring-beans-6.1.6.jar:6.1.6]
	at org.springframework.beans.factory.support.DefaultSingletonBeanRegistry.getSingleton(DefaultSingletonBeanRegistry.java:234) ~[spring-beans-6.1.6.jar:6.1.6]
	at org.springframework.beans.factory.support.AbstractBeanFactory.doGetBean(AbstractBeanFactory.java:324) ~[spring-beans-6.1.6.jar:6.1.6]
	at org.springframework.beans.factory.support.AbstractBeanFactory.getBean(AbstractBeanFactory.java:200) ~[spring-beans-6.1.6.jar:6.1.6]
	at org.springframework.context.support.AbstractApplicationContext.getBean(AbstractApplicationContext.java:1234) ~[spring-context-6.1.6.jar:6.1.6]
	at org.springframework.context.support.AbstractApplicationContext.finishBeanFactoryInitialization(AbstractApplicationContext.java:952) ~[spring-context-6.1.6.jar:6.1.6]
	at org.springframework.context.support.AbstractApplicationContext.refresh(AbstractApplicationContext.java:624) ~[spring-context-6.1.6.jar:6.1.6]
	at org.springframework.boot.web.servlet.context.ServletWebServerApplicationContext.refresh(ServletWebServerApplicationContext.java:146) ~[spring-boot-3.2.5.jar:3.2.5]
	at org.springframework.boot.SpringApplication.refresh(SpringApplication.java:754) ~[spring-boot-3.2.5.jar:3.2.5]
	at org.springframework.boot.SpringApplication.refreshContext(SpringApplication.java:456) ~[spring-boot-3.2.5.jar:3.2.5]
	at org.springframework.boot.SpringApplication.run(SpringApplication.java:334) ~[spring-boot-3.2.5.jar:3.2.5]
	at org.springframework.boot.SpringApplication.run(SpringApplication.java:1354) ~[spring-boot-3.2.5.jar:3.2.5]
	at org.springframework.boot.SpringApplication.run(SpringApplication.java:1343) ~[spring-boot-3.2.5.jar:3.2.5]
	at com.Ecommerce.ApliServi.ApliServiApplication.main(ApliServiApplication.java:14) ~[classes/:na]

2025-08-07T22:26:26.486-04:00  WARN 124874 --- [Apli-Servi] [main] org.hibernate.orm.deprecation            : HHH90000025: PostgreSQLDialect does not need to be specified explicitly using 'hibernate.dialect' (remove the property setting and it will be selected by default)
2025-08-07T22:26:27.204-04:00  INFO 124874 --- [Apli-Servi] [main] o.h.e.t.j.p.i.JtaPlatformInitiator       : HHH000489: No JTA platform available (set 'hibernate.transaction.jta.platform' to enable JTA platform integration)
2025-08-07T22:26:27.215-04:00  INFO 124874 --- [Apli-Servi] [main] com.zaxxer.hikari.HikariDataSource       : HikariPool-1 - Starting...
2025-08-07T22:26:28.216-04:00 ERROR 124874 --- [Apli-Servi] [main] com.zaxxer.hikari.pool.HikariPool        : HikariPool-1 - Exception during pool initialization.

org.postgresql.util.PSQLException: El intento de conexión falló.
	at org.postgresql.core.v3.ConnectionFactoryImpl.openConnectionImpl(ConnectionFactoryImpl.java:354) ~[postgresql-42.6.2.jar:42.6.2]
	at org.postgresql.core.ConnectionFactory.openConnection(ConnectionFactory.java:54) ~[postgresql-42.6.2.jar:42.6.2]
	at org.postgresql.jdbc.PgConnection.<init>(PgConnection.java:263) ~[postgresql-42.6.2.jar:42.6.2]
	at org.postgresql.Driver.makeConnection(Driver.java:443) ~[postgresql-42.6.2.jar:42.6.2]
	at org.postgresql.Driver.connect(Driver.java:297) ~[postgresql-42.6.2.jar:42.6.2]
	at com.zaxxer.hikari.util.DriverDataSource.getConnection(DriverDataSource.java:138) ~[HikariCP-5.0.1.jar:na]
	at com.zaxxer.hikari.pool.PoolBase.newConnection(PoolBase.java:359) ~[HikariCP-5.0.1.jar:na]
	at com.zaxxer.hikari.pool.PoolBase.newPoolEntry(PoolBase.java:201) ~[HikariCP-5.0.1.jar:na]
	at com.zaxxer.hikari.pool.HikariPool.createPoolEntry(HikariPool.java:470) ~[HikariCP-5.0.1.jar:na]
	at com.zaxxer.hikari.pool.HikariPool.checkFailFast(HikariPool.java:561) ~[HikariCP-5.0.1.jar:na]
	at com.zaxxer.hikari.pool.HikariPool.<init>(HikariPool.java:100) ~[HikariCP-5.0.1.jar:na]
	at com.zaxxer.hikari.HikariDataSource.getConnection(HikariDataSource.java:112) ~[HikariCP-5.0.1.jar:na]
	at org.hibernate.engine.jdbc.connections.internal.DatasourceConnectionProviderImpl.getConnection(DatasourceConnectionProviderImpl.java:122) ~[hibernate-core-6.4.4.Final.jar:6.4.4.Final]
	at org.hibernate.engine.jdbc.env.internal.JdbcEnvironmentInitiator$ConnectionProviderJdbcConnectionAccess.obtainConnection(JdbcEnvironmentInitiator.java:428) ~[hibernate-core-6.4.4.Final.jar:6.4.4.Final]
	at org.hibernate.resource.transaction.backend.jdbc.internal.DdlTransactionIsolatorNonJtaImpl.getIsolatedConnection(DdlTransactionIsolatorNonJtaImpl.java:46) ~[hibernate-core-6.4.4.Final.jar:6.4.4.Final]
	at org.hibernate.resource.transaction.backend.jdbc.internal.DdlTransactionIsolatorNonJtaImpl.getIsolatedConnection(DdlTransactionIsolatorNonJtaImpl.java:39) ~[hibernate-core-6.4.4.Final.jar:6.4.4.Final]
	at org.hibernate.tool.schema.internal.exec.ImprovedExtractionContextImpl.getJdbcConnection(ImprovedExtractionContextImpl.java:63) ~[hibernate-core-6.4.4.Final.jar:6.4.4.Final]
	at org.hibernate.tool.schema.extract.spi.ExtractionContext.getQueryResults(ExtractionContext.java:43) ~[hibernate-core-6.4.4.Final.jar:6.4.4.Final]
	at org.hibernate.tool.schema.extract.internal.SequenceInformationExtractorLegacyImpl.extractMetadata(SequenceInformationExtractorLegacyImpl.java:39) ~[hibernate-core-6.4.4.Final.jar:6.4.4.Final]
	at org.hibernate.tool.schema.extract.internal.DatabaseInformationImpl.initializeSequences(DatabaseInformationImpl.java:66) ~[hibernate-core-6.4.4.Final.jar:6.4.4.Final]
	at org.hibernate.tool.schema.extract.internal.DatabaseInformationImpl.<init>(DatabaseInformationImpl.java:60) ~[hibernate-core-6.4.4.Final.jar:6.4.4.Final]
	at org.hibernate.tool.schema.internal.Helper.buildDatabaseInformation(Helper.java:185) ~[hibernate-core-6.4.4.Final.jar:6.4.4.Final]
	at org.hibernate.tool.schema.internal.AbstractSchemaMigrator.doMigration(AbstractSchemaMigrator.java:98) ~[hibernate-core-6.4.4.Final.jar:6.4.4.Final]
	at org.hibernate.tool.schema.spi.SchemaManagementToolCoordinator.performDatabaseAction(SchemaManagementToolCoordinator.java:286) ~[hibernate-core-6.4.4.Final.jar:6.4.4.Final]
	at org.hibernate.tool.schema.spi.SchemaManagementToolCoordinator.lambda$process$5(SchemaManagementToolCoordinator.java:145) ~[hibernate-core-6.4.4.Final.jar:6.4.4.Final]
	at java.base/java.util.HashMap.forEach(HashMap.java:1429) ~[na:na]
	at org.hibernate.tool.schema.spi.SchemaManagementToolCoordinator.process(SchemaManagementToolCoordinator.java:142) ~[hibernate-core-6.4.4.Final.jar:6.4.4.Final]
	at org.hibernate.boot.internal.SessionFactoryObserverForSchemaExport.sessionFactoryCreated(SessionFactoryObserverForSchemaExport.java:37) ~[hibernate-core-6.4.4.Final.jar:6.4.4.Final]
	at org.hibernate.internal.SessionFactoryObserverChain.sessionFactoryCreated(SessionFactoryObserverChain.java:35) ~[hibernate-core-6.4.4.Final.jar:6.4.4.Final]
	at org.hibernate.internal.SessionFactoryImpl.<init>(SessionFactoryImpl.java:315) ~[hibernate-core-6.4.4.Final.jar:6.4.4.Final]
	at org.hibernate.boot.internal.SessionFactoryBuilderImpl.build(SessionFactoryBuilderImpl.java:450) ~[hibernate-core-6.4.4.Final.jar:6.4.4.Final]
	at org.hibernate.jpa.boot.internal.EntityManagerFactoryBuilderImpl.build(EntityManagerFactoryBuilderImpl.java:1507) ~[hibernate-core-6.4.4.Final.jar:6.4.4.Final]
	at org.springframework.orm.jpa.vendor.SpringHibernateJpaPersistenceProvider.createContainerEntityManagerFactory(SpringHibernateJpaPersistenceProvider.java:75) ~[spring-orm-6.1.6.jar:6.1.6]
	at org.springframework.orm.jpa.LocalContainerEntityManagerFactoryBean.createNativeEntityManagerFactory(LocalContainerEntityManagerFactoryBean.java:390) ~[spring-orm-6.1.6.jar:6.1.6]
	at org.springframework.orm.jpa.AbstractEntityManagerFactoryBean.buildNativeEntityManagerFactory(AbstractEntityManagerFactoryBean.java:409) ~[spring-orm-6.1.6.jar:6.1.6]
	at org.springframework.orm.jpa.AbstractEntityManagerFactoryBean.afterPropertiesSet(AbstractEntityManagerFactoryBean.java:396) ~[spring-orm-6.1.6.jar:6.1.6]
	at org.springframework.orm.jpa.LocalContainerEntityManagerFactoryBean.afterPropertiesSet(LocalContainerEntityManagerFactoryBean.java:366) ~[spring-orm-6.1.6.jar:6.1.6]
	at org.springframework.beans.factory.support.AbstractAutowireCapableBeanFactory.invokeInitMethods(AbstractAutowireCapableBeanFactory.java:1833) ~[spring-beans-6.1.6.jar:6.1.6]
	at org.springframework.beans.factory.support.AbstractAutowireCapableBeanFactory.initializeBean(AbstractAutowireCapableBeanFactory.java:1782) ~[spring-beans-6.1.6.jar:6.1.6]
	at org.springframework.beans.factory.support.AbstractAutowireCapableBeanFactory.doCreateBean(AbstractAutowireCapableBeanFactory.java:600) ~[spring-beans-6.1.6.jar:6.1.6]
	at org.springframework.beans.factory.support.AbstractAutowireCapableBeanFactory.createBean(AbstractAutowireCapableBeanFactory.java:522) ~[spring-beans-6.1.6.jar:6.1.6]
	at org.springframework.beans.factory.support.AbstractBeanFactory.lambda$doGetBean$0(AbstractBeanFactory.java:326) ~[spring-beans-6.1.6.jar:6.1.6]
	at org.springframework.beans.factory.support.DefaultSingletonBeanRegistry.getSingleton(DefaultSingletonBeanRegistry.java:234) ~[spring-beans-6.1.6.jar:6.1.6]
	at org.springframework.beans.factory.support.AbstractBeanFactory.doGetBean(AbstractBeanFactory.java:324) ~[spring-beans-6.1.6.jar:6.1.6]
	at org.springframework.beans.factory.support.AbstractBeanFactory.getBean(AbstractBeanFactory.java:200) ~[spring-beans-6.1.6.jar:6.1.6]
	at org.springframework.context.support.AbstractApplicationContext.getBean(AbstractApplicationContext.java:1234) ~[spring-context-6.1.6.jar:6.1.6]
	at org.springframework.context.support.AbstractApplicationContext.finishBeanFactoryInitialization(AbstractApplicationContext.java:952) ~[spring-context-6.1.6.jar:6.1.6]
	at org.springframework.context.support.AbstractApplicationContext.refresh(AbstractApplicationContext.java:624) ~[spring-context-6.1.6.jar:6.1.6]
	at org.springframework.boot.web.servlet.context.ServletWebServerApplicationContext.refresh(ServletWebServerApplicationContext.java:146) ~[spring-boot-3.2.5.jar:3.2.5]
	at org.springframework.boot.SpringApplication.refresh(SpringApplication.java:754) ~[spring-boot-3.2.5.jar:3.2.5]
	at org.springframework.boot.SpringApplication.refreshContext(SpringApplication.java:456) ~[spring-boot-3.2.5.jar:3.2.5]
	at org.springframework.boot.SpringApplication.run(SpringApplication.java:334) ~[spring-boot-3.2.5.jar:3.2.5]
	at org.springframework.boot.SpringApplication.run(SpringApplication.java:1354) ~[spring-boot-3.2.5.jar:3.2.5]
	at org.springframework.boot.SpringApplication.run(SpringApplication.java:1343) ~[spring-boot-3.2.5.jar:3.2.5]
	at com.Ecommerce.ApliServi.ApliServiApplication.main(ApliServiApplication.java:14) ~[classes/:na]
Caused by: java.net.UnknownHostException: postgres
	at java.base/sun.nio.ch.NioSocketImpl.connect(NioSocketImpl.java:567) ~[na:na]
	at java.base/java.net.SocksSocketImpl.connect(SocksSocketImpl.java:327) ~[na:na]
	at java.base/java.net.Socket.connect(Socket.java:751) ~[na:na]
	at org.postgresql.core.PGStream.createSocket(PGStream.java:243) ~[postgresql-42.6.2.jar:42.6.2]
	at org.postgresql.core.PGStream.<init>(PGStream.java:98) ~[postgresql-42.6.2.jar:42.6.2]
	at org.postgresql.core.v3.ConnectionFactoryImpl.tryConnect(ConnectionFactoryImpl.java:132) ~[postgresql-42.6.2.jar:42.6.2]
	at org.postgresql.core.v3.ConnectionFactoryImpl.openConnectionImpl(ConnectionFactoryImpl.java:258) ~[postgresql-42.6.2.jar:42.6.2]
	... 54 common frames omitted

2025-08-07T22:26:28.219-04:00  WARN 124874 --- [Apli-Servi] [main] o.h.engine.jdbc.spi.SqlExceptionHelper   : SQL Error: 0, SQLState: 08001
2025-08-07T22:26:28.219-04:00 ERROR 124874 --- [Apli-Servi] [main] o.h.engine.jdbc.spi.SqlExceptionHelper   : El intento de conexión falló.
2025-08-07T22:26:28.227-04:00 ERROR 124874 --- [Apli-Servi] [main] j.LocalContainerEntityManagerFactoryBean : Failed to initialize JPA EntityManagerFactory: [PersistenceUnit: default] Unable to build Hibernate SessionFactory; nested exception is org.hibernate.exception.JDBCConnectionException: Unable to open JDBC Connection for DDL execution [El intento de conexión falló.] [n/a]
2025-08-07T22:26:28.228-04:00  WARN 124874 --- [Apli-Servi] [main] ConfigServletWebServerApplicationContext : Exception encountered during context initialization - cancelling refresh attempt: org.springframework.beans.factory.BeanCreationException: Error creating bean with name 'entityManagerFactory' defined in class path resource [org/springframework/boot/autoconfigure/orm/jpa/HibernateJpaConfiguration.class]: [PersistenceUnit: default] Unable to build Hibernate SessionFactory; nested exception is org.hibernate.exception.JDBCConnectionException: Unable to open JDBC Connection for DDL execution [El intento de conexión falló.] [n/a]
2025-08-07T22:26:28.230-04:00  INFO 124874 --- [Apli-Servi] [main] o.apache.catalina.core.StandardService   : Stopping service [Tomcat]
2025-08-07T22:26:28.245-04:00  INFO 124874 --- [Apli-Servi] [main] .s.b.a.l.ConditionEvaluationReportLogger : 

Error starting ApplicationContext. To display the condition evaluation report re-run your application with 'debug' enabled.
2025-08-07T22:26:28.254-04:00 ERROR 124874 --- [Apli-Servi] [main] o.s.boot.SpringApplication               : Application run failed

org.springframework.beans.factory.BeanCreationException: Error creating bean with name 'entityManagerFactory' defined in class path resource [org/springframework/boot/autoconfigure/orm/jpa/HibernateJpaConfiguration.class]: [PersistenceUnit: default] Unable to build Hibernate SessionFactory; nested exception is org.hibernate.exception.JDBCConnectionException: Unable to open JDBC Connection for DDL execution [El intento de conexión falló.] [n/a]
	at org.springframework.beans.factory.support.AbstractAutowireCapableBeanFactory.initializeBean(AbstractAutowireCapableBeanFactory.java:1786) ~[spring-beans-6.1.6.jar:6.1.6]
	at org.springframework.beans.factory.support.AbstractAutowireCapableBeanFactory.doCreateBean(AbstractAutowireCapableBeanFactory.java:600) ~[spring-beans-6.1.6.jar:6.1.6]
	at org.springframework.beans.factory.support.AbstractAutowireCapableBeanFactory.createBean(AbstractAutowireCapableBeanFactory.java:522) ~[spring-beans-6.1.6.jar:6.1.6]
	at org.springframework.beans.factory.support.AbstractBeanFactory.lambda$doGetBean$0(AbstractBeanFactory.java:326) ~[spring-beans-6.1.6.jar:6.1.6]
	at org.springframework.beans.factory.support.DefaultSingletonBeanRegistry.getSingleton(DefaultSingletonBeanRegistry.java:234) ~[spring-beans-6.1.6.jar:6.1.6]
	at org.springframework.beans.factory.support.AbstractBeanFactory.doGetBean(AbstractBeanFactory.java:324) ~[spring-beans-6.1.6.jar:6.1.6]
	at org.springframework.beans.factory.support.AbstractBeanFactory.getBean(AbstractBeanFactory.java:200) ~[spring-beans-6.1.6.jar:6.1.6]
	at org.springframework.context.support.AbstractApplicationContext.getBean(AbstractApplicationContext.java:1234) ~[spring-context-6.1.6.jar:6.1.6]
	at org.springframework.context.support.AbstractApplicationContext.finishBeanFactoryInitialization(AbstractApplicationContext.java:952) ~[spring-context-6.1.6.jar:6.1.6]
	at org.springframework.context.support.AbstractApplicationContext.refresh(AbstractApplicationContext.java:624) ~[spring-context-6.1.6.jar:6.1.6]
	at org.springframework.boot.web.servlet.context.ServletWebServerApplicationContext.refresh(ServletWebServerApplicationContext.java:146) ~[spring-boot-3.2.5.jar:3.2.5]
	at org.springframework.boot.SpringApplication.refresh(SpringApplication.java:754) ~[spring-boot-3.2.5.jar:3.2.5]
	at org.springframework.boot.SpringApplication.refreshContext(SpringApplication.java:456) ~[spring-boot-3.2.5.jar:3.2.5]
	at org.springframework.boot.SpringApplication.run(SpringApplication.java:334) ~[spring-boot-3.2.5.jar:3.2.5]
	at org.springframework.boot.SpringApplication.run(SpringApplication.java:1354) ~[spring-boot-3.2.5.jar:3.2.5]
	at org.springframework.boot.SpringApplication.run(SpringApplication.java:1343) ~[spring-boot-3.2.5.jar:3.2.5]
	at com.Ecommerce.ApliServi.ApliServiApplication.main(ApliServiApplication.java:14) ~[classes/:na]
Caused by: jakarta.persistence.PersistenceException: [PersistenceUnit: default] Unable to build Hibernate SessionFactory; nested exception is org.hibernate.exception.JDBCConnectionException: Unable to open JDBC Connection for DDL execution [El intento de conexión falló.] [n/a]
	at org.springframework.orm.jpa.AbstractEntityManagerFactoryBean.buildNativeEntityManagerFactory(AbstractEntityManagerFactoryBean.java:421) ~[spring-orm-6.1.6.jar:6.1.6]
	at org.springframework.orm.jpa.AbstractEntityManagerFactoryBean.afterPropertiesSet(AbstractEntityManagerFactoryBean.java:396) ~[spring-orm-6.1.6.jar:6.1.6]
	at org.springframework.orm.jpa.LocalContainerEntityManagerFactoryBean.afterPropertiesSet(LocalContainerEntityManagerFactoryBean.java:366) ~[spring-orm-6.1.6.jar:6.1.6]
	at org.springframework.beans.factory.support.AbstractAutowireCapableBeanFactory.invokeInitMethods(AbstractAutowireCapableBeanFactory.java:1833) ~[spring-beans-6.1.6.jar:6.1.6]
	at org.springframework.beans.factory.support.AbstractAutowireCapableBeanFactory.initializeBean(AbstractAutowireCapableBeanFactory.java:1782) ~[spring-beans-6.1.6.jar:6.1.6]
	... 16 common frames omitted
Caused by: org.hibernate.exception.JDBCConnectionException: Unable to open JDBC Connection for DDL execution [El intento de conexión falló.] [n/a]
	at org.hibernate.exception.internal.SQLStateConversionDelegate.convert(SQLStateConversionDelegate.java:100) ~[hibernate-core-6.4.4.Final.jar:6.4.4.Final]
	at org.hibernate.exception.internal.StandardSQLExceptionConverter.convert(StandardSQLExceptionConverter.java:58) ~[hibernate-core-6.4.4.Final.jar:6.4.4.Final]
	at org.hibernate.engine.jdbc.spi.SqlExceptionHelper.convert(SqlExceptionHelper.java:108) ~[hibernate-core-6.4.4.Final.jar:6.4.4.Final]
	at org.hibernate.engine.jdbc.spi.SqlExceptionHelper.convert(SqlExceptionHelper.java:94) ~[hibernate-core-6.4.4.Final.jar:6.4.4.Final]
	at org.hibernate.resource.transaction.backend.jdbc.internal.DdlTransactionIsolatorNonJtaImpl.getIsolatedConnection(DdlTransactionIsolatorNonJtaImpl.java:74) ~[hibernate-core-6.4.4.Final.jar:6.4.4.Final]
	at org.hibernate.resource.transaction.backend.jdbc.internal.DdlTransactionIsolatorNonJtaImpl.getIsolatedConnection(DdlTransactionIsolatorNonJtaImpl.java:39) ~[hibernate-core-6.4.4.Final.jar:6.4.4.Final]
	at org.hibernate.tool.schema.internal.exec.ImprovedExtractionContextImpl.getJdbcConnection(ImprovedExtractionContextImpl.java:63) ~[hibernate-core-6.4.4.Final.jar:6.4.4.Final]
	at org.hibernate.tool.schema.extract.spi.ExtractionContext.getQueryResults(ExtractionContext.java:43) ~[hibernate-core-6.4.4.Final.jar:6.4.4.Final]
	at org.hibernate.tool.schema.extract.internal.SequenceInformationExtractorLegacyImpl.extractMetadata(SequenceInformationExtractorLegacyImpl.java:39) ~[hibernate-core-6.4.4.Final.jar:6.4.4.Final]
	at org.hibernate.tool.schema.extract.internal.DatabaseInformationImpl.initializeSequences(DatabaseInformationImpl.java:66) ~[hibernate-core-6.4.4.Final.jar:6.4.4.Final]
	at org.hibernate.tool.schema.extract.internal.DatabaseInformationImpl.<init>(DatabaseInformationImpl.java:60) ~[hibernate-core-6.4.4.Final.jar:6.4.4.Final]
	at org.hibernate.tool.schema.internal.Helper.buildDatabaseInformation(Helper.java:185) ~[hibernate-core-6.4.4.Final.jar:6.4.4.Final]
	at org.hibernate.tool.schema.internal.AbstractSchemaMigrator.doMigration(AbstractSchemaMigrator.java:98) ~[hibernate-core-6.4.4.Final.jar:6.4.4.Final]
	at org.hibernate.tool.schema.spi.SchemaManagementToolCoordinator.performDatabaseAction(SchemaManagementToolCoordinator.java:286) ~[hibernate-core-6.4.4.Final.jar:6.4.4.Final]
	at org.hibernate.tool.schema.spi.SchemaManagementToolCoordinator.lambda$process$5(SchemaManagementToolCoordinator.java:145) ~[hibernate-core-6.4.4.Final.jar:6.4.4.Final]
	at java.base/java.util.HashMap.forEach(HashMap.java:1429) ~[na:na]
	at org.hibernate.tool.schema.spi.SchemaManagementToolCoordinator.process(SchemaManagementToolCoordinator.java:142) ~[hibernate-core-6.4.4.Final.jar:6.4.4.Final]
	at org.hibernate.boot.internal.SessionFactoryObserverForSchemaExport.sessionFactoryCreated(SessionFactoryObserverForSchemaExport.java:37) ~[hibernate-core-6.4.4.Final.jar:6.4.4.Final]
	at org.hibernate.internal.SessionFactoryObserverChain.sessionFactoryCreated(SessionFactoryObserverChain.java:35) ~[hibernate-core-6.4.4.Final.jar:6.4.4.Final]
	at org.hibernate.internal.SessionFactoryImpl.<init>(SessionFactoryImpl.java:315) ~[hibernate-core-6.4.4.Final.jar:6.4.4.Final]
	at org.hibernate.boot.internal.SessionFactoryBuilderImpl.build(SessionFactoryBuilderImpl.java:450) ~[hibernate-core-6.4.4.Final.jar:6.4.4.Final]
	at org.hibernate.jpa.boot.internal.EntityManagerFactoryBuilderImpl.build(EntityManagerFactoryBuilderImpl.java:1507) ~[hibernate-core-6.4.4.Final.jar:6.4.4.Final]
	at org.springframework.orm.jpa.vendor.SpringHibernateJpaPersistenceProvider.createContainerEntityManagerFactory(SpringHibernateJpaPersistenceProvider.java:75) ~[spring-orm-6.1.6.jar:6.1.6]
	at org.springframework.orm.jpa.LocalContainerEntityManagerFactoryBean.createNativeEntityManagerFactory(LocalContainerEntityManagerFactoryBean.java:390) ~[spring-orm-6.1.6.jar:6.1.6]
	at org.springframework.orm.jpa.AbstractEntityManagerFactoryBean.buildNativeEntityManagerFactory(AbstractEntityManagerFactoryBean.java:409) ~[spring-orm-6.1.6.jar:6.1.6]
	... 20 common frames omitted
Caused by: org.postgresql.util.PSQLException: El intento de conexión falló.
	at org.postgresql.core.v3.ConnectionFactoryImpl.openConnectionImpl(ConnectionFactoryImpl.java:354) ~[postgresql-42.6.2.jar:42.6.2]
	at org.postgresql.core.ConnectionFactory.openConnection(ConnectionFactory.java:54) ~[postgresql-42.6.2.jar:42.6.2]
	at org.postgresql.jdbc.PgConnection.<init>(PgConnection.java:263) ~[postgresql-42.6.2.jar:42.6.2]
	at org.postgresql.Driver.makeConnection(Driver.java:443) ~[postgresql-42.6.2.jar:42.6.2]
	at org.postgresql.Driver.connect(Driver.java:297) ~[postgresql-42.6.2.jar:42.6.2]
	at com.zaxxer.hikari.util.DriverDataSource.getConnection(DriverDataSource.java:138) ~[HikariCP-5.0.1.jar:na]
	at com.zaxxer.hikari.pool.PoolBase.newConnection(PoolBase.java:359) ~[HikariCP-5.0.1.jar:na]
	at com.zaxxer.hikari.pool.PoolBase.newPoolEntry(PoolBase.java:201) ~[HikariCP-5.0.1.jar:na]
	at com.zaxxer.hikari.pool.HikariPool.createPoolEntry(HikariPool.java:470) ~[HikariCP-5.0.1.jar:na]
	at com.zaxxer.hikari.pool.HikariPool.checkFailFast(HikariPool.java:561) ~[HikariCP-5.0.1.jar:na]
	at com.zaxxer.hikari.pool.HikariPool.<init>(HikariPool.java:100) ~[HikariCP-5.0.1.jar:na]
	at com.zaxxer.hikari.HikariDataSource.getConnection(HikariDataSource.java:112) ~[HikariCP-5.0.1.jar:na]
	at org.hibernate.engine.jdbc.connections.internal.DatasourceConnectionProviderImpl.getConnection(DatasourceConnectionProviderImpl.java:122) ~[hibernate-core-6.4.4.Final.jar:6.4.4.Final]
	at org.hibernate.engine.jdbc.env.internal.JdbcEnvironmentInitiator$ConnectionProviderJdbcConnectionAccess.obtainConnection(JdbcEnvironmentInitiator.java:428) ~[hibernate-core-6.4.4.Final.jar:6.4.4.Final]
	at org.hibernate.resource.transaction.backend.jdbc.internal.DdlTransactionIsolatorNonJtaImpl.getIsolatedConnection(DdlTransactionIsolatorNonJtaImpl.java:46) ~[hibernate-core-6.4.4.Final.jar:6.4.4.Final]
	... 40 common frames omitted
Caused by: java.net.UnknownHostException: postgres
	at java.base/sun.nio.ch.NioSocketImpl.connect(NioSocketImpl.java:567) ~[na:na]
	at java.base/java.net.SocksSocketImpl.connect(SocksSocketImpl.java:327) ~[na:na]
	at java.base/java.net.Socket.connect(Socket.java:751) ~[na:na]
	at org.postgresql.core.PGStream.createSocket(PGStream.java:243) ~[postgresql-42.6.2.jar:42.6.2]
	at org.postgresql.core.PGStream.<init>(PGStream.java:98) ~[postgresql-42.6.2.jar:42.6.2]
	at org.postgresql.core.v3.ConnectionFactoryImpl.tryConnect(ConnectionFactoryImpl.java:132) ~[postgresql-42.6.2.jar:42.6.2]
	at org.postgresql.core.v3.ConnectionFactoryImpl.openConnectionImpl(ConnectionFactoryImpl.java:258) ~[postgresql-42.6.2.jar:42.6.2]
	... 54 common frames omitted

2025-08-07T22:27:07.674-04:00  INFO 125247 --- [Apli-Servi] [main] c.E.ApliServi.ApliServiApplication       : Starting ApliServiApplication using Java 21.0.8 with PID 125247 (/home/freddy/Documentos/ProyectoSombra1_final_taller/ProyectoSombra1/Apli-Servi/target/classes started by freddy in /home/freddy/Documentos/ProyectoSombra1_final_taller/ProyectoSombra1)
2025-08-07T22:27:07.676-04:00  INFO 125247 --- [Apli-Servi] [main] c.E.ApliServi.ApliServiApplication       : No active profile set, falling back to 1 default profile: "default"
2025-08-07T22:27:08.354-04:00  INFO 125247 --- [Apli-Servi] [main] .s.d.r.c.RepositoryConfigurationDelegate : Bootstrapping Spring Data JPA repositories in DEFAULT mode.
2025-08-07T22:27:08.410-04:00  INFO 125247 --- [Apli-Servi] [main] .s.d.r.c.RepositoryConfigurationDelegate : Finished Spring Data repository scanning in 51 ms. Found 17 JPA repository interfaces.
2025-08-07T22:27:08.907-04:00  INFO 125247 --- [Apli-Servi] [main] o.s.b.w.embedded.tomcat.TomcatWebServer  : Tomcat initialized with port 8040 (http)
2025-08-07T22:27:08.914-04:00  INFO 125247 --- [Apli-Servi] [main] o.apache.catalina.core.StandardService   : Starting service [Tomcat]
2025-08-07T22:27:08.914-04:00  INFO 125247 --- [Apli-Servi] [main] o.apache.catalina.core.StandardEngine    : Starting Servlet engine: [Apache Tomcat/10.1.20]
2025-08-07T22:27:08.949-04:00  INFO 125247 --- [Apli-Servi] [main] o.a.c.c.C.[Tomcat].[localhost].[/]       : Initializing Spring embedded WebApplicationContext
2025-08-07T22:27:08.949-04:00  INFO 125247 --- [Apli-Servi] [main] w.s.c.ServletWebServerApplicationContext : Root WebApplicationContext: initialization completed in 1232 ms
2025-08-07T22:27:09.095-04:00 DEBUG 125247 --- [Apli-Servi] [main] o.s.w.f.ServerHttpObservationFilter      : Filter 'webMvcObservationFilter' configured for use
2025-08-07T22:27:09.095-04:00 DEBUG 125247 --- [Apli-Servi] [main] o.springframework.web.filter.CorsFilter  : Filter 'corsFilter' configured for use
2025-08-07T22:27:09.199-04:00  INFO 125247 --- [Apli-Servi] [main] o.hibernate.jpa.internal.util.LogHelper  : HHH000204: Processing PersistenceUnitInfo [name: default]
2025-08-07T22:27:09.226-04:00  INFO 125247 --- [Apli-Servi] [main] org.hibernate.Version                    : HHH000412: Hibernate ORM core version 6.4.4.Final
2025-08-07T22:27:09.244-04:00  INFO 125247 --- [Apli-Servi] [main] o.h.c.internal.RegionFactoryInitiator    : HHH000026: Second-level cache disabled
2025-08-07T22:27:09.355-04:00  INFO 125247 --- [Apli-Servi] [main] o.s.o.j.p.SpringPersistenceUnitInfo      : No LoadTimeWeaver setup: ignoring JPA class transformer
2025-08-07T22:27:09.369-04:00  INFO 125247 --- [Apli-Servi] [main] com.zaxxer.hikari.HikariDataSource       : HikariPool-1 - Starting...
2025-08-07T22:27:09.482-04:00  INFO 125247 --- [Apli-Servi] [main] com.zaxxer.hikari.pool.HikariPool        : HikariPool-1 - Added connection org.postgresql.jdbc.PgConnection@6a299b9d
2025-08-07T22:27:09.483-04:00  INFO 125247 --- [Apli-Servi] [main] com.zaxxer.hikari.HikariDataSource       : HikariPool-1 - Start completed.
2025-08-07T22:27:09.501-04:00  WARN 125247 --- [Apli-Servi] [main] org.hibernate.orm.deprecation            : HHH90000025: PostgreSQLDialect does not need to be specified explicitly using 'hibernate.dialect' (remove the property setting and it will be selected by default)
2025-08-07T22:27:10.203-04:00  INFO 125247 --- [Apli-Servi] [main] o.h.e.t.j.p.i.JtaPlatformInitiator       : HHH000489: No JTA platform available (set 'hibernate.transaction.jta.platform' to enable JTA platform integration)
2025-08-07T22:27:10.241-04:00  WARN 125247 --- [Apli-Servi] [main] o.h.t.s.i.ExceptionHandlerLoggedImpl     : GenerationTarget encountered exception accepting command : Error executing DDL "alter table if exists purchase_record alter column purchase_date set data type DATE DEFAULT CURRENT_DATE" via JDBC [ERROR: syntax error at or near "DEFAULT"
  Position: 85]

org.hibernate.tool.schema.spi.CommandAcceptanceException: Error executing DDL "alter table if exists purchase_record alter column purchase_date set data type DATE DEFAULT CURRENT_DATE" via JDBC [ERROR: syntax error at or near "DEFAULT"
  Position: 85]
	at org.hibernate.tool.schema.internal.exec.GenerationTargetToDatabase.accept(GenerationTargetToDatabase.java:94) ~[hibernate-core-6.4.4.Final.jar:6.4.4.Final]
	at org.hibernate.tool.schema.internal.AbstractSchemaMigrator.applySqlString(AbstractSchemaMigrator.java:574) ~[hibernate-core-6.4.4.Final.jar:6.4.4.Final]
	at org.hibernate.tool.schema.internal.AbstractSchemaMigrator.applySqlStrings(AbstractSchemaMigrator.java:514) ~[hibernate-core-6.4.4.Final.jar:6.4.4.Final]
	at org.hibernate.tool.schema.internal.AbstractSchemaMigrator.migrateTable(AbstractSchemaMigrator.java:333) ~[hibernate-core-6.4.4.Final.jar:6.4.4.Final]
	at org.hibernate.tool.schema.internal.GroupedSchemaMigratorImpl.performTablesMigration(GroupedSchemaMigratorImpl.java:84) ~[hibernate-core-6.4.4.Final.jar:6.4.4.Final]
	at org.hibernate.tool.schema.internal.AbstractSchemaMigrator.performMigration(AbstractSchemaMigrator.java:232) ~[hibernate-core-6.4.4.Final.jar:6.4.4.Final]
	at org.hibernate.tool.schema.internal.AbstractSchemaMigrator.doMigration(AbstractSchemaMigrator.java:117) ~[hibernate-core-6.4.4.Final.jar:6.4.4.Final]
	at org.hibernate.tool.schema.spi.SchemaManagementToolCoordinator.performDatabaseAction(SchemaManagementToolCoordinator.java:286) ~[hibernate-core-6.4.4.Final.jar:6.4.4.Final]
	at org.hibernate.tool.schema.spi.SchemaManagementToolCoordinator.lambda$process$5(SchemaManagementToolCoordinator.java:145) ~[hibernate-core-6.4.4.Final.jar:6.4.4.Final]
	at java.base/java.util.HashMap.forEach(HashMap.java:1429) ~[na:na]
	at org.hibernate.tool.schema.spi.SchemaManagementToolCoordinator.process(SchemaManagementToolCoordinator.java:142) ~[hibernate-core-6.4.4.Final.jar:6.4.4.Final]
	at org.hibernate.boot.internal.SessionFactoryObserverForSchemaExport.sessionFactoryCreated(SessionFactoryObserverForSchemaExport.java:37) ~[hibernate-core-6.4.4.Final.jar:6.4.4.Final]
	at org.hibernate.internal.SessionFactoryObserverChain.sessionFactoryCreated(SessionFactoryObserverChain.java:35) ~[hibernate-core-6.4.4.Final.jar:6.4.4.Final]
	at org.hibernate.internal.SessionFactoryImpl.<init>(SessionFactoryImpl.java:315) ~[hibernate-core-6.4.4.Final.jar:6.4.4.Final]
	at org.hibernate.boot.internal.SessionFactoryBuilderImpl.build(SessionFactoryBuilderImpl.java:450) ~[hibernate-core-6.4.4.Final.jar:6.4.4.Final]
	at org.hibernate.jpa.boot.internal.EntityManagerFactoryBuilderImpl.build(EntityManagerFactoryBuilderImpl.java:1507) ~[hibernate-core-6.4.4.Final.jar:6.4.4.Final]
	at org.springframework.orm.jpa.vendor.SpringHibernateJpaPersistenceProvider.createContainerEntityManagerFactory(SpringHibernateJpaPersistenceProvider.java:75) ~[spring-orm-6.1.6.jar:6.1.6]
	at org.springframework.orm.jpa.LocalContainerEntityManagerFactoryBean.createNativeEntityManagerFactory(LocalContainerEntityManagerFactoryBean.java:390) ~[spring-orm-6.1.6.jar:6.1.6]
	at org.springframework.orm.jpa.AbstractEntityManagerFactoryBean.buildNativeEntityManagerFactory(AbstractEntityManagerFactoryBean.java:409) ~[spring-orm-6.1.6.jar:6.1.6]
	at org.springframework.orm.jpa.AbstractEntityManagerFactoryBean.afterPropertiesSet(AbstractEntityManagerFactoryBean.java:396) ~[spring-orm-6.1.6.jar:6.1.6]
	at org.springframework.orm.jpa.LocalContainerEntityManagerFactoryBean.afterPropertiesSet(LocalContainerEntityManagerFactoryBean.java:366) ~[spring-orm-6.1.6.jar:6.1.6]
	at org.springframework.beans.factory.support.AbstractAutowireCapableBeanFactory.invokeInitMethods(AbstractAutowireCapableBeanFactory.java:1833) ~[spring-beans-6.1.6.jar:6.1.6]
	at org.springframework.beans.factory.support.AbstractAutowireCapableBeanFactory.initializeBean(AbstractAutowireCapableBeanFactory.java:1782) ~[spring-beans-6.1.6.jar:6.1.6]
	at org.springframework.beans.factory.support.AbstractAutowireCapableBeanFactory.doCreateBean(AbstractAutowireCapableBeanFactory.java:600) ~[spring-beans-6.1.6.jar:6.1.6]
	at org.springframework.beans.factory.support.AbstractAutowireCapableBeanFactory.createBean(AbstractAutowireCapableBeanFactory.java:522) ~[spring-beans-6.1.6.jar:6.1.6]
	at org.springframework.beans.factory.support.AbstractBeanFactory.lambda$doGetBean$0(AbstractBeanFactory.java:326) ~[spring-beans-6.1.6.jar:6.1.6]
	at org.springframework.beans.factory.support.DefaultSingletonBeanRegistry.getSingleton(DefaultSingletonBeanRegistry.java:234) ~[spring-beans-6.1.6.jar:6.1.6]
	at org.springframework.beans.factory.support.AbstractBeanFactory.doGetBean(AbstractBeanFactory.java:324) ~[spring-beans-6.1.6.jar:6.1.6]
	at org.springframework.beans.factory.support.AbstractBeanFactory.getBean(AbstractBeanFactory.java:200) ~[spring-beans-6.1.6.jar:6.1.6]
	at org.springframework.context.support.AbstractApplicationContext.getBean(AbstractApplicationContext.java:1234) ~[spring-context-6.1.6.jar:6.1.6]
	at org.springframework.context.support.AbstractApplicationContext.finishBeanFactoryInitialization(AbstractApplicationContext.java:952) ~[spring-context-6.1.6.jar:6.1.6]
	at org.springframework.context.support.AbstractApplicationContext.refresh(AbstractApplicationContext.java:624) ~[spring-context-6.1.6.jar:6.1.6]
	at org.springframework.boot.web.servlet.context.ServletWebServerApplicationContext.refresh(ServletWebServerApplicationContext.java:146) ~[spring-boot-3.2.5.jar:3.2.5]
	at org.springframework.boot.SpringApplication.refresh(SpringApplication.java:754) ~[spring-boot-3.2.5.jar:3.2.5]
	at org.springframework.boot.SpringApplication.refreshContext(SpringApplication.java:456) ~[spring-boot-3.2.5.jar:3.2.5]
	at org.springframework.boot.SpringApplication.run(SpringApplication.java:334) ~[spring-boot-3.2.5.jar:3.2.5]
	at org.springframework.boot.SpringApplication.run(SpringApplication.java:1354) ~[spring-boot-3.2.5.jar:3.2.5]
	at org.springframework.boot.SpringApplication.run(SpringApplication.java:1343) ~[spring-boot-3.2.5.jar:3.2.5]
	at com.Ecommerce.ApliServi.ApliServiApplication.main(ApliServiApplication.java:14) ~[classes/:na]
Caused by: org.postgresql.util.PSQLException: ERROR: syntax error at or near "DEFAULT"
  Position: 85
	at org.postgresql.core.v3.QueryExecutorImpl.receiveErrorResponse(QueryExecutorImpl.java:2713) ~[postgresql-42.6.2.jar:42.6.2]
	at org.postgresql.core.v3.QueryExecutorImpl.processResults(QueryExecutorImpl.java:2401) ~[postgresql-42.6.2.jar:42.6.2]
	at org.postgresql.core.v3.QueryExecutorImpl.execute(QueryExecutorImpl.java:368) ~[postgresql-42.6.2.jar:42.6.2]
	at org.postgresql.jdbc.PgStatement.executeInternal(PgStatement.java:498) ~[postgresql-42.6.2.jar:42.6.2]
	at org.postgresql.jdbc.PgStatement.execute(PgStatement.java:415) ~[postgresql-42.6.2.jar:42.6.2]
	at org.postgresql.jdbc.PgStatement.executeWithFlags(PgStatement.java:335) ~[postgresql-42.6.2.jar:42.6.2]
	at org.postgresql.jdbc.PgStatement.executeCachedSql(PgStatement.java:321) ~[postgresql-42.6.2.jar:42.6.2]
	at org.postgresql.jdbc.PgStatement.executeWithFlags(PgStatement.java:297) ~[postgresql-42.6.2.jar:42.6.2]
	at org.postgresql.jdbc.PgStatement.execute(PgStatement.java:292) ~[postgresql-42.6.2.jar:42.6.2]
	at com.zaxxer.hikari.pool.ProxyStatement.execute(ProxyStatement.java:94) ~[HikariCP-5.0.1.jar:na]
	at com.zaxxer.hikari.pool.HikariProxyStatement.execute(HikariProxyStatement.java) ~[HikariCP-5.0.1.jar:na]
	at org.hibernate.tool.schema.internal.exec.GenerationTargetToDatabase.accept(GenerationTargetToDatabase.java:80) ~[hibernate-core-6.4.4.Final.jar:6.4.4.Final]
	... 38 common frames omitted

2025-08-07T22:27:10.416-04:00  INFO 125247 --- [Apli-Servi] [main] j.LocalContainerEntityManagerFactoryBean : Initialized JPA EntityManagerFactory for persistence unit 'default'
2025-08-07T22:27:11.503-04:00  WARN 125247 --- [Apli-Servi] [main] JpaBaseConfiguration$JpaWebConfiguration : spring.jpa.open-in-view is enabled by default. Therefore, database queries may be performed during view rendering. Explicitly configure spring.jpa.open-in-view to disable this warning
2025-08-07T22:27:11.647-04:00 DEBUG 125247 --- [Apli-Servi] [main] s.w.s.m.m.a.RequestMappingHandlerMapping : 98 mappings in 'requestMappingHandlerMapping'
2025-08-07T22:27:11.742-04:00 DEBUG 125247 --- [Apli-Servi] [main] o.s.w.s.handler.SimpleUrlHandlerMapping  : Patterns [/webjars/**, /**, /swagger-ui*/*swagger-initializer.js, /swagger-ui*/**] in 'resourceHandlerMapping'
2025-08-07T22:27:11.879-04:00  INFO 125247 --- [Apli-Servi] [main] o.s.b.a.e.web.EndpointLinksResolver      : Exposing 3 endpoint(s) beneath base path '/actuator'
2025-08-07T22:27:11.950-04:00  INFO 125247 --- [Apli-Servi] [main] o.s.s.web.DefaultSecurityFilterChain     : Will secure any request with [org.springframework.security.web.session.DisableEncodeUrlFilter@64d19dad, org.springframework.security.web.context.request.async.WebAsyncManagerIntegrationFilter@4a1bb556, org.springframework.security.web.context.SecurityContextHolderFilter@c9f1951, org.springframework.security.web.header.HeaderWriterFilter@2986e26f, org.springframework.web.filter.CorsFilter@504b8705, org.springframework.security.web.authentication.logout.LogoutFilter@7b5ffde0, com.Ecommerce.ApliServi.Config.Filter.jwtTokenValidator@2cfde5a4, org.springframework.security.web.authentication.www.BasicAuthenticationFilter@54139bd3, org.springframework.security.web.savedrequest.RequestCacheAwareFilter@19e86461, org.springframework.security.web.servletapi.SecurityContextHolderAwareRequestFilter@33e7ece5, org.springframework.security.web.authentication.AnonymousAuthenticationFilter@339b1c34, org.springframework.security.web.session.SessionManagementFilter@52b7d2d3, org.springframework.security.web.access.ExceptionTranslationFilter@6149184e, org.springframework.security.web.access.intercept.AuthorizationFilter@34883fa2]
2025-08-07T22:27:12.045-04:00 DEBUG 125247 --- [Apli-Servi] [main] s.w.s.m.m.a.RequestMappingHandlerAdapter : ControllerAdvice beans: 0 @ModelAttribute, 0 @InitBinder, 1 RequestBodyAdvice, 1 ResponseBodyAdvice
2025-08-07T22:27:12.083-04:00 DEBUG 125247 --- [Apli-Servi] [main] .m.m.a.ExceptionHandlerExceptionResolver : ControllerAdvice beans: 1 @ExceptionHandler, 1 ResponseBodyAdvice
2025-08-07T22:27:12.373-04:00  INFO 125247 --- [Apli-Servi] [main] o.s.b.w.embedded.tomcat.TomcatWebServer  : Tomcat started on port 8040 (http) with context path ''
2025-08-07T22:27:12.383-04:00  INFO 125247 --- [Apli-Servi] [main] c.E.ApliServi.ApliServiApplication       : Started ApliServiApplication in 5.022 seconds (process running for 5.435)
2025-08-07T22:27:12.741-04:00  INFO 125247 --- [Apli-Servi] [http-nio-8040-exec-1] o.a.c.c.C.[Tomcat].[localhost].[/]       : Initializing Spring DispatcherServlet 'dispatcherServlet'
2025-08-07T22:27:12.742-04:00  INFO 125247 --- [Apli-Servi] [http-nio-8040-exec-1] o.s.web.servlet.DispatcherServlet        : Initializing Servlet 'dispatcherServlet'
2025-08-07T22:27:12.742-04:00 DEBUG 125247 --- [Apli-Servi] [http-nio-8040-exec-1] o.s.web.servlet.DispatcherServlet        : Detected StandardServletMultipartResolver
2025-08-07T22:27:12.742-04:00 DEBUG 125247 --- [Apli-Servi] [http-nio-8040-exec-1] o.s.web.servlet.DispatcherServlet        : Detected AcceptHeaderLocaleResolver
2025-08-07T22:27:12.742-04:00 DEBUG 125247 --- [Apli-Servi] [http-nio-8040-exec-1] o.s.web.servlet.DispatcherServlet        : Detected FixedThemeResolver
2025-08-07T22:27:12.743-04:00 DEBUG 125247 --- [Apli-Servi] [http-nio-8040-exec-1] o.s.web.servlet.DispatcherServlet        : Detected org.springframework.web.servlet.view.DefaultRequestToViewNameTranslator@12026d62
2025-08-07T22:27:12.744-04:00 DEBUG 125247 --- [Apli-Servi] [http-nio-8040-exec-1] o.s.web.servlet.DispatcherServlet        : Detected org.springframework.web.servlet.support.SessionFlashMapManager@6eefc125
2025-08-07T22:27:12.744-04:00 DEBUG 125247 --- [Apli-Servi] [http-nio-8040-exec-1] o.s.web.servlet.DispatcherServlet        : enableLoggingRequestDetails='false': request parameters and headers will be masked to prevent unsafe logging of potentially sensitive data
2025-08-07T22:27:12.744-04:00  INFO 125247 --- [Apli-Servi] [http-nio-8040-exec-1] o.s.web.servlet.DispatcherServlet        : Completed initialization in 2 ms
2025-08-07T22:27:12.783-04:00 DEBUG 125247 --- [Apli-Servi] [http-nio-8040-exec-1] o.s.web.servlet.DispatcherServlet        : GET "/actuator/prometheus", parameters={}
2025-08-07T22:27:12.802-04:00 DEBUG 125247 --- [Apli-Servi] [http-nio-8040-exec-1] m.m.a.RequestResponseBodyMethodProcessor : Read "application/octet-stream" to []
2025-08-07T22:27:12.831-04:00 DEBUG 125247 --- [Apli-Servi] [http-nio-8040-exec-1] o.s.w.s.m.m.a.HttpEntityMethodProcessor  : Found 'Content-Type:application/openmetrics-text;version=1.0.0;charset=utf-8' in response
2025-08-07T22:27:12.831-04:00 DEBUG 125247 --- [Apli-Servi] [http-nio-8040-exec-1] o.s.w.s.m.m.a.HttpEntityMethodProcessor  : Writing ["# TYPE tomcat_sessions_created_sessions counter<EOL># HELP tomcat_sessions_created_sessions  <EOL>tomcat_ses (truncated)..."]
2025-08-07T22:27:12.834-04:00 DEBUG 125247 --- [Apli-Servi] [http-nio-8040-exec-1] o.s.web.servlet.DispatcherServlet        : Completed 200 OK
2025-08-07T22:27:27.700-04:00 DEBUG 125247 --- [Apli-Servi] [http-nio-8040-exec-2] o.s.web.servlet.DispatcherServlet        : GET "/actuator/prometheus", parameters={}
2025-08-07T22:27:27.701-04:00 DEBUG 125247 --- [Apli-Servi] [http-nio-8040-exec-2] m.m.a.RequestResponseBodyMethodProcessor : Read "application/octet-stream" to []
2025-08-07T22:27:27.705-04:00 DEBUG 125247 --- [Apli-Servi] [http-nio-8040-exec-2] o.s.w.s.m.m.a.HttpEntityMethodProcessor  : Found 'Content-Type:application/openmetrics-text;version=1.0.0;charset=utf-8' in response
2025-08-07T22:27:27.705-04:00 DEBUG 125247 --- [Apli-Servi] [http-nio-8040-exec-2] o.s.w.s.m.m.a.HttpEntityMethodProcessor  : Writing ["# TYPE process_files_max_files gauge<EOL># HELP process_files_max_files The maximum file descriptor coun (truncated)..."]
2025-08-07T22:27:27.705-04:00 DEBUG 125247 --- [Apli-Servi] [http-nio-8040-exec-2] o.s.web.servlet.DispatcherServlet        : Completed 200 OK
2025-08-07T22:27:42.704-04:00 DEBUG 125247 --- [Apli-Servi] [http-nio-8040-exec-3] o.s.web.servlet.DispatcherServlet        : GET "/actuator/prometheus", parameters={}
2025-08-07T22:27:42.706-04:00 DEBUG 125247 --- [Apli-Servi] [http-nio-8040-exec-3] m.m.a.RequestResponseBodyMethodProcessor : Read "application/octet-stream" to []
2025-08-07T22:27:42.714-04:00 DEBUG 125247 --- [Apli-Servi] [http-nio-8040-exec-3] o.s.w.s.m.m.a.HttpEntityMethodProcessor  : Found 'Content-Type:application/openmetrics-text;version=1.0.0;charset=utf-8' in response
2025-08-07T22:27:42.714-04:00 DEBUG 125247 --- [Apli-Servi] [http-nio-8040-exec-3] o.s.w.s.m.m.a.HttpEntityMethodProcessor  : Writing ["# TYPE process_files_max_files gauge<EOL># HELP process_files_max_files The maximum file descriptor coun (truncated)..."]
2025-08-07T22:27:42.715-04:00 DEBUG 125247 --- [Apli-Servi] [http-nio-8040-exec-3] o.s.web.servlet.DispatcherServlet        : Completed 200 OK
2025-08-07T22:27:57.705-04:00 DEBUG 125247 --- [Apli-Servi] [http-nio-8040-exec-4] o.s.web.servlet.DispatcherServlet        : GET "/actuator/prometheus", parameters={}
2025-08-07T22:27:57.707-04:00 DEBUG 125247 --- [Apli-Servi] [http-nio-8040-exec-4] m.m.a.RequestResponseBodyMethodProcessor : Read "application/octet-stream" to []
2025-08-07T22:27:57.712-04:00 DEBUG 125247 --- [Apli-Servi] [http-nio-8040-exec-4] o.s.w.s.m.m.a.HttpEntityMethodProcessor  : Found 'Content-Type:application/openmetrics-text;version=1.0.0;charset=utf-8' in response
2025-08-07T22:27:57.713-04:00 DEBUG 125247 --- [Apli-Servi] [http-nio-8040-exec-4] o.s.w.s.m.m.a.HttpEntityMethodProcessor  : Writing ["# TYPE process_files_max_files gauge<EOL># HELP process_files_max_files The maximum file descriptor coun (truncated)..."]
2025-08-07T22:27:57.713-04:00 DEBUG 125247 --- [Apli-Servi] [http-nio-8040-exec-4] o.s.web.servlet.DispatcherServlet        : Completed 200 OK
2025-08-07T22:28:12.703-04:00 DEBUG 125247 --- [Apli-Servi] [http-nio-8040-exec-5] o.s.web.servlet.DispatcherServlet        : GET "/actuator/prometheus", parameters={}
2025-08-07T22:28:12.705-04:00 DEBUG 125247 --- [Apli-Servi] [http-nio-8040-exec-5] m.m.a.RequestResponseBodyMethodProcessor : Read "application/octet-stream" to []
2025-08-07T22:28:12.711-04:00 DEBUG 125247 --- [Apli-Servi] [http-nio-8040-exec-5] o.s.w.s.m.m.a.HttpEntityMethodProcessor  : Found 'Content-Type:application/openmetrics-text;version=1.0.0;charset=utf-8' in response
2025-08-07T22:28:12.712-04:00 DEBUG 125247 --- [Apli-Servi] [http-nio-8040-exec-5] o.s.w.s.m.m.a.HttpEntityMethodProcessor  : Writing ["# TYPE process_files_max_files gauge<EOL># HELP process_files_max_files The maximum file descriptor coun (truncated)..."]
2025-08-07T22:28:12.713-04:00 DEBUG 125247 --- [Apli-Servi] [http-nio-8040-exec-5] o.s.web.servlet.DispatcherServlet        : Completed 200 OK
2025-08-07T22:28:27.703-04:00 DEBUG 125247 --- [Apli-Servi] [http-nio-8040-exec-6] o.s.web.servlet.DispatcherServlet        : GET "/actuator/prometheus", parameters={}
2025-08-07T22:28:27.704-04:00 DEBUG 125247 --- [Apli-Servi] [http-nio-8040-exec-6] m.m.a.RequestResponseBodyMethodProcessor : Read "application/octet-stream" to []
2025-08-07T22:28:27.707-04:00 DEBUG 125247 --- [Apli-Servi] [http-nio-8040-exec-6] o.s.w.s.m.m.a.HttpEntityMethodProcessor  : Found 'Content-Type:application/openmetrics-text;version=1.0.0;charset=utf-8' in response
2025-08-07T22:28:27.708-04:00 DEBUG 125247 --- [Apli-Servi] [http-nio-8040-exec-6] o.s.w.s.m.m.a.HttpEntityMethodProcessor  : Writing ["# TYPE process_files_max_files gauge<EOL># HELP process_files_max_files The maximum file descriptor coun (truncated)..."]
2025-08-07T22:28:27.708-04:00 DEBUG 125247 --- [Apli-Servi] [http-nio-8040-exec-6] o.s.web.servlet.DispatcherServlet        : Completed 200 OK
2025-08-07T22:28:42.699-04:00 DEBUG 125247 --- [Apli-Servi] [http-nio-8040-exec-7] o.s.web.servlet.DispatcherServlet        : GET "/actuator/prometheus", parameters={}
2025-08-07T22:28:42.700-04:00 DEBUG 125247 --- [Apli-Servi] [http-nio-8040-exec-7] m.m.a.RequestResponseBodyMethodProcessor : Read "application/octet-stream" to []
2025-08-07T22:28:42.704-04:00 DEBUG 125247 --- [Apli-Servi] [http-nio-8040-exec-7] o.s.w.s.m.m.a.HttpEntityMethodProcessor  : Found 'Content-Type:application/openmetrics-text;version=1.0.0;charset=utf-8' in response
2025-08-07T22:28:42.704-04:00 DEBUG 125247 --- [Apli-Servi] [http-nio-8040-exec-7] o.s.w.s.m.m.a.HttpEntityMethodProcessor  : Writing ["# TYPE process_files_max_files gauge<EOL># HELP process_files_max_files The maximum file descriptor coun (truncated)..."]
2025-08-07T22:28:42.706-04:00 DEBUG 125247 --- [Apli-Servi] [http-nio-8040-exec-7] o.s.web.servlet.DispatcherServlet        : Completed 200 OK
2025-08-07T22:28:57.703-04:00 DEBUG 125247 --- [Apli-Servi] [http-nio-8040-exec-8] o.s.web.servlet.DispatcherServlet        : GET "/actuator/prometheus", parameters={}
2025-08-07T22:28:57.705-04:00 DEBUG 125247 --- [Apli-Servi] [http-nio-8040-exec-8] m.m.a.RequestResponseBodyMethodProcessor : Read "application/octet-stream" to []
2025-08-07T22:28:57.709-04:00 DEBUG 125247 --- [Apli-Servi] [http-nio-8040-exec-8] o.s.w.s.m.m.a.HttpEntityMethodProcessor  : Found 'Content-Type:application/openmetrics-text;version=1.0.0;charset=utf-8' in response
2025-08-07T22:28:57.709-04:00 DEBUG 125247 --- [Apli-Servi] [http-nio-8040-exec-8] o.s.w.s.m.m.a.HttpEntityMethodProcessor  : Writing ["# TYPE process_files_max_files gauge<EOL># HELP process_files_max_files The maximum file descriptor coun (truncated)..."]
2025-08-07T22:28:57.710-04:00 DEBUG 125247 --- [Apli-Servi] [http-nio-8040-exec-8] o.s.web.servlet.DispatcherServlet        : Completed 200 OK
2025-08-07T22:29:12.702-04:00 DEBUG 125247 --- [Apli-Servi] [http-nio-8040-exec-9] o.s.web.servlet.DispatcherServlet        : GET "/actuator/prometheus", parameters={}
2025-08-07T22:29:12.703-04:00 DEBUG 125247 --- [Apli-Servi] [http-nio-8040-exec-9] m.m.a.RequestResponseBodyMethodProcessor : Read "application/octet-stream" to []
2025-08-07T22:29:12.709-04:00 DEBUG 125247 --- [Apli-Servi] [http-nio-8040-exec-9] o.s.w.s.m.m.a.HttpEntityMethodProcessor  : Found 'Content-Type:application/openmetrics-text;version=1.0.0;charset=utf-8' in response
2025-08-07T22:29:12.709-04:00 DEBUG 125247 --- [Apli-Servi] [http-nio-8040-exec-9] o.s.w.s.m.m.a.HttpEntityMethodProcessor  : Writing ["# TYPE process_files_max_files gauge<EOL># HELP process_files_max_files The maximum file descriptor coun (truncated)..."]
2025-08-07T22:29:12.711-04:00 DEBUG 125247 --- [Apli-Servi] [http-nio-8040-exec-9] o.s.web.servlet.DispatcherServlet        : Completed 200 OK
2025-08-07T22:29:27.702-04:00 DEBUG 125247 --- [Apli-Servi] [http-nio-8040-exec-10] o.s.web.servlet.DispatcherServlet        : GET "/actuator/prometheus", parameters={}
2025-08-07T22:29:27.703-04:00 DEBUG 125247 --- [Apli-Servi] [http-nio-8040-exec-10] m.m.a.RequestResponseBodyMethodProcessor : Read "application/octet-stream" to []
2025-08-07T22:29:27.708-04:00 DEBUG 125247 --- [Apli-Servi] [http-nio-8040-exec-10] o.s.w.s.m.m.a.HttpEntityMethodProcessor  : Found 'Content-Type:application/openmetrics-text;version=1.0.0;charset=utf-8' in response
2025-08-07T22:29:27.708-04:00 DEBUG 125247 --- [Apli-Servi] [http-nio-8040-exec-10] o.s.w.s.m.m.a.HttpEntityMethodProcessor  : Writing ["# TYPE process_files_max_files gauge<EOL># HELP process_files_max_files The maximum file descriptor coun (truncated)..."]
2025-08-07T22:29:27.709-04:00 DEBUG 125247 --- [Apli-Servi] [http-nio-8040-exec-10] o.s.web.servlet.DispatcherServlet        : Completed 200 OK
2025-08-07T22:29:42.702-04:00 DEBUG 125247 --- [Apli-Servi] [http-nio-8040-exec-1] o.s.web.servlet.DispatcherServlet        : GET "/actuator/prometheus", parameters={}
2025-08-07T22:29:42.703-04:00 DEBUG 125247 --- [Apli-Servi] [http-nio-8040-exec-1] m.m.a.RequestResponseBodyMethodProcessor : Read "application/octet-stream" to []
2025-08-07T22:29:42.709-04:00 DEBUG 125247 --- [Apli-Servi] [http-nio-8040-exec-1] o.s.w.s.m.m.a.HttpEntityMethodProcessor  : Found 'Content-Type:application/openmetrics-text;version=1.0.0;charset=utf-8' in response
2025-08-07T22:29:42.709-04:00 DEBUG 125247 --- [Apli-Servi] [http-nio-8040-exec-1] o.s.w.s.m.m.a.HttpEntityMethodProcessor  : Writing ["# TYPE process_files_max_files gauge<EOL># HELP process_files_max_files The maximum file descriptor coun (truncated)..."]
2025-08-07T22:29:42.710-04:00 DEBUG 125247 --- [Apli-Servi] [http-nio-8040-exec-1] o.s.web.servlet.DispatcherServlet        : Completed 200 OK
2025-08-07T22:29:57.702-04:00 DEBUG 125247 --- [Apli-Servi] [http-nio-8040-exec-2] o.s.web.servlet.DispatcherServlet        : GET "/actuator/prometheus", parameters={}
2025-08-07T22:29:57.703-04:00 DEBUG 125247 --- [Apli-Servi] [http-nio-8040-exec-2] m.m.a.RequestResponseBodyMethodProcessor : Read "application/octet-stream" to []
2025-08-07T22:29:57.708-04:00 DEBUG 125247 --- [Apli-Servi] [http-nio-8040-exec-2] o.s.w.s.m.m.a.HttpEntityMethodProcessor  : Found 'Content-Type:application/openmetrics-text;version=1.0.0;charset=utf-8' in response
2025-08-07T22:29:57.708-04:00 DEBUG 125247 --- [Apli-Servi] [http-nio-8040-exec-2] o.s.w.s.m.m.a.HttpEntityMethodProcessor  : Writing ["# TYPE process_files_max_files gauge<EOL># HELP process_files_max_files The maximum file descriptor coun (truncated)..."]
2025-08-07T22:29:57.709-04:00 DEBUG 125247 --- [Apli-Servi] [http-nio-8040-exec-2] o.s.web.servlet.DispatcherServlet        : Completed 200 OK
2025-08-07T22:30:12.701-04:00 DEBUG 125247 --- [Apli-Servi] [http-nio-8040-exec-3] o.s.web.servlet.DispatcherServlet        : GET "/actuator/prometheus", parameters={}
2025-08-07T22:30:12.703-04:00 DEBUG 125247 --- [Apli-Servi] [http-nio-8040-exec-3] m.m.a.RequestResponseBodyMethodProcessor : Read "application/octet-stream" to []
2025-08-07T22:30:12.707-04:00 DEBUG 125247 --- [Apli-Servi] [http-nio-8040-exec-3] o.s.w.s.m.m.a.HttpEntityMethodProcessor  : Found 'Content-Type:application/openmetrics-text;version=1.0.0;charset=utf-8' in response
2025-08-07T22:30:12.708-04:00 DEBUG 125247 --- [Apli-Servi] [http-nio-8040-exec-3] o.s.w.s.m.m.a.HttpEntityMethodProcessor  : Writing ["# TYPE process_files_max_files gauge<EOL># HELP process_files_max_files The maximum file descriptor coun (truncated)..."]
2025-08-07T22:30:12.709-04:00 DEBUG 125247 --- [Apli-Servi] [http-nio-8040-exec-3] o.s.web.servlet.DispatcherServlet        : Completed 200 OK
2025-08-07T22:30:27.710-04:00 DEBUG 125247 --- [Apli-Servi] [http-nio-8040-exec-4] o.s.web.servlet.DispatcherServlet        : GET "/actuator/prometheus", parameters={}
2025-08-07T22:30:27.710-04:00 DEBUG 125247 --- [Apli-Servi] [http-nio-8040-exec-4] m.m.a.RequestResponseBodyMethodProcessor : Read "application/octet-stream" to []
2025-08-07T22:30:27.716-04:00 DEBUG 125247 --- [Apli-Servi] [http-nio-8040-exec-4] o.s.w.s.m.m.a.HttpEntityMethodProcessor  : Found 'Content-Type:application/openmetrics-text;version=1.0.0;charset=utf-8' in response
2025-08-07T22:30:27.716-04:00 DEBUG 125247 --- [Apli-Servi] [http-nio-8040-exec-4] o.s.w.s.m.m.a.HttpEntityMethodProcessor  : Writing ["# TYPE process_files_max_files gauge<EOL># HELP process_files_max_files The maximum file descriptor coun (truncated)..."]
2025-08-07T22:30:27.717-04:00 DEBUG 125247 --- [Apli-Servi] [http-nio-8040-exec-4] o.s.web.servlet.DispatcherServlet        : Completed 200 OK
2025-08-07T22:30:42.702-04:00 DEBUG 125247 --- [Apli-Servi] [http-nio-8040-exec-5] o.s.web.servlet.DispatcherServlet        : GET "/actuator/prometheus", parameters={}
2025-08-07T22:30:42.704-04:00 DEBUG 125247 --- [Apli-Servi] [http-nio-8040-exec-5] m.m.a.RequestResponseBodyMethodProcessor : Read "application/octet-stream" to []
2025-08-07T22:30:42.709-04:00 DEBUG 125247 --- [Apli-Servi] [http-nio-8040-exec-5] o.s.w.s.m.m.a.HttpEntityMethodProcessor  : Found 'Content-Type:application/openmetrics-text;version=1.0.0;charset=utf-8' in response
2025-08-07T22:30:42.710-04:00 DEBUG 125247 --- [Apli-Servi] [http-nio-8040-exec-5] o.s.w.s.m.m.a.HttpEntityMethodProcessor  : Writing ["# TYPE process_files_max_files gauge<EOL># HELP process_files_max_files The maximum file descriptor coun (truncated)..."]
2025-08-07T22:30:42.711-04:00 DEBUG 125247 --- [Apli-Servi] [http-nio-8040-exec-5] o.s.web.servlet.DispatcherServlet        : Completed 200 OK
2025-08-07T22:30:57.700-04:00 DEBUG 125247 --- [Apli-Servi] [http-nio-8040-exec-6] o.s.web.servlet.DispatcherServlet        : GET "/actuator/prometheus", parameters={}
2025-08-07T22:30:57.701-04:00 DEBUG 125247 --- [Apli-Servi] [http-nio-8040-exec-6] m.m.a.RequestResponseBodyMethodProcessor : Read "application/octet-stream" to []
2025-08-07T22:30:57.706-04:00 DEBUG 125247 --- [Apli-Servi] [http-nio-8040-exec-6] o.s.w.s.m.m.a.HttpEntityMethodProcessor  : Found 'Content-Type:application/openmetrics-text;version=1.0.0;charset=utf-8' in response
2025-08-07T22:30:57.707-04:00 DEBUG 125247 --- [Apli-Servi] [http-nio-8040-exec-6] o.s.w.s.m.m.a.HttpEntityMethodProcessor  : Writing ["# TYPE process_files_max_files gauge<EOL># HELP process_files_max_files The maximum file descriptor coun (truncated)..."]
2025-08-07T22:30:57.708-04:00 DEBUG 125247 --- [Apli-Servi] [http-nio-8040-exec-6] o.s.web.servlet.DispatcherServlet        : Completed 200 OK
2025-08-07T22:31:12.700-04:00 DEBUG 125247 --- [Apli-Servi] [http-nio-8040-exec-7] o.s.web.servlet.DispatcherServlet        : GET "/actuator/prometheus", parameters={}
2025-08-07T22:31:12.701-04:00 DEBUG 125247 --- [Apli-Servi] [http-nio-8040-exec-7] m.m.a.RequestResponseBodyMethodProcessor : Read "application/octet-stream" to []
2025-08-07T22:31:12.706-04:00 DEBUG 125247 --- [Apli-Servi] [http-nio-8040-exec-7] o.s.w.s.m.m.a.HttpEntityMethodProcessor  : Found 'Content-Type:application/openmetrics-text;version=1.0.0;charset=utf-8' in response
2025-08-07T22:31:12.706-04:00 DEBUG 125247 --- [Apli-Servi] [http-nio-8040-exec-7] o.s.w.s.m.m.a.HttpEntityMethodProcessor  : Writing ["# TYPE process_files_max_files gauge<EOL># HELP process_files_max_files The maximum file descriptor coun (truncated)..."]
2025-08-07T22:31:12.707-04:00 DEBUG 125247 --- [Apli-Servi] [http-nio-8040-exec-7] o.s.web.servlet.DispatcherServlet        : Completed 200 OK
2025-08-07T22:31:27.702-04:00 DEBUG 125247 --- [Apli-Servi] [http-nio-8040-exec-8] o.s.web.servlet.DispatcherServlet        : GET "/actuator/prometheus", parameters={}
2025-08-07T22:31:27.703-04:00 DEBUG 125247 --- [Apli-Servi] [http-nio-8040-exec-8] m.m.a.RequestResponseBodyMethodProcessor : Read "application/octet-stream" to []
2025-08-07T22:31:27.712-04:00 DEBUG 125247 --- [Apli-Servi] [http-nio-8040-exec-8] o.s.w.s.m.m.a.HttpEntityMethodProcessor  : Found 'Content-Type:application/openmetrics-text;version=1.0.0;charset=utf-8' in response
2025-08-07T22:31:27.712-04:00 DEBUG 125247 --- [Apli-Servi] [http-nio-8040-exec-8] o.s.w.s.m.m.a.HttpEntityMethodProcessor  : Writing ["# TYPE process_files_max_files gauge<EOL># HELP process_files_max_files The maximum file descriptor coun (truncated)..."]
2025-08-07T22:31:27.714-04:00 DEBUG 125247 --- [Apli-Servi] [http-nio-8040-exec-8] o.s.web.servlet.DispatcherServlet        : Completed 200 OK
2025-08-07T22:31:42.703-04:00 DEBUG 125247 --- [Apli-Servi] [http-nio-8040-exec-9] o.s.web.servlet.DispatcherServlet        : GET "/actuator/prometheus", parameters={}
2025-08-07T22:31:42.705-04:00 DEBUG 125247 --- [Apli-Servi] [http-nio-8040-exec-9] m.m.a.RequestResponseBodyMethodProcessor : Read "application/octet-stream" to []
2025-08-07T22:31:42.710-04:00 DEBUG 125247 --- [Apli-Servi] [http-nio-8040-exec-9] o.s.w.s.m.m.a.HttpEntityMethodProcessor  : Found 'Content-Type:application/openmetrics-text;version=1.0.0;charset=utf-8' in response
2025-08-07T22:31:42.711-04:00 DEBUG 125247 --- [Apli-Servi] [http-nio-8040-exec-9] o.s.w.s.m.m.a.HttpEntityMethodProcessor  : Writing ["# TYPE process_files_max_files gauge<EOL># HELP process_files_max_files The maximum file descriptor coun (truncated)..."]
2025-08-07T22:31:42.712-04:00 DEBUG 125247 --- [Apli-Servi] [http-nio-8040-exec-9] o.s.web.servlet.DispatcherServlet        : Completed 200 OK
2025-08-07T22:31:57.700-04:00 DEBUG 125247 --- [Apli-Servi] [http-nio-8040-exec-10] o.s.web.servlet.DispatcherServlet        : GET "/actuator/prometheus", parameters={}
2025-08-07T22:31:57.702-04:00 DEBUG 125247 --- [Apli-Servi] [http-nio-8040-exec-10] m.m.a.RequestResponseBodyMethodProcessor : Read "application/octet-stream" to []
2025-08-07T22:31:57.707-04:00 DEBUG 125247 --- [Apli-Servi] [http-nio-8040-exec-10] o.s.w.s.m.m.a.HttpEntityMethodProcessor  : Found 'Content-Type:application/openmetrics-text;version=1.0.0;charset=utf-8' in response
2025-08-07T22:31:57.707-04:00 DEBUG 125247 --- [Apli-Servi] [http-nio-8040-exec-10] o.s.w.s.m.m.a.HttpEntityMethodProcessor  : Writing ["# TYPE process_files_max_files gauge<EOL># HELP process_files_max_files The maximum file descriptor coun (truncated)..."]
2025-08-07T22:31:57.708-04:00 DEBUG 125247 --- [Apli-Servi] [http-nio-8040-exec-10] o.s.web.servlet.DispatcherServlet        : Completed 200 OK
2025-08-07T22:32:12.699-04:00 DEBUG 125247 --- [Apli-Servi] [http-nio-8040-exec-1] o.s.web.servlet.DispatcherServlet        : GET "/actuator/prometheus", parameters={}
2025-08-07T22:32:12.700-04:00 DEBUG 125247 --- [Apli-Servi] [http-nio-8040-exec-1] m.m.a.RequestResponseBodyMethodProcessor : Read "application/octet-stream" to []
2025-08-07T22:32:12.706-04:00 DEBUG 125247 --- [Apli-Servi] [http-nio-8040-exec-1] o.s.w.s.m.m.a.HttpEntityMethodProcessor  : Found 'Content-Type:application/openmetrics-text;version=1.0.0;charset=utf-8' in response
2025-08-07T22:32:12.706-04:00 DEBUG 125247 --- [Apli-Servi] [http-nio-8040-exec-1] o.s.w.s.m.m.a.HttpEntityMethodProcessor  : Writing ["# TYPE process_files_max_files gauge<EOL># HELP process_files_max_files The maximum file descriptor coun (truncated)..."]
2025-08-07T22:32:12.708-04:00 DEBUG 125247 --- [Apli-Servi] [http-nio-8040-exec-1] o.s.web.servlet.DispatcherServlet        : Completed 200 OK
2025-08-07T22:32:24.829-04:00  INFO 125247 --- [Apli-Servi] [SpringApplicationShutdownHook] j.LocalContainerEntityManagerFactoryBean : Closing JPA EntityManagerFactory for persistence unit 'default'
2025-08-07T22:32:24.831-04:00  INFO 125247 --- [Apli-Servi] [SpringApplicationShutdownHook] com.zaxxer.hikari.HikariDataSource       : HikariPool-1 - Shutdown initiated...
2025-08-07T22:32:24.833-04:00  INFO 125247 --- [Apli-Servi] [SpringApplicationShutdownHook] com.zaxxer.hikari.HikariDataSource       : HikariPool-1 - Shutdown completed.
